RobotDevSample/build/intermediates/manifest_merge_blame_file/release/manifest-merger-blame-release-report.txt
1<?xml version="1.0" encoding="utf-8"?>
2<manifest xmlns:android="http://schemas.android.com/apk/res/android"
3    package="com.asus.robotdevsample"
4    android:versionCode="1"
5    android:versionName="1.0" >
6
7    <uses-sdk
8        android:minSdkVersion="23"
8-->src\main\AndroidManifest.xml
9        android:targetSdkVersion="26" />
9-->src\main\AndroidManifest.xml
10
11    <application
11-->src\main\AndroidManifest.xml:5:5-48:19
12        android:allowBackup="true"
12-->src\main\AndroidManifest.xml:6:9-35
13        android:icon="@mipmap/ic_launcher"
13-->src\main\AndroidManifest.xml:7:9-43
14        android:label="@string/app_name"
14-->src\main\AndroidManifest.xml:8:9-41
15        android:supportsRtl="true"
15-->src\main\AndroidManifest.xml:9:9-35
16        android:theme="@style/RobotDevToolTheme" >
16-->src\main\AndroidManifest.xml:10:9-49
17        <activity android:name="com.asus.robotdevsample.RobotDevSampleActivity" >
17-->src\main\AndroidManifest.xml:12:9-20:20
17-->src\main\AndroidManifest.xml:12:19-57
18            <intent-filter>
18-->src\main\AndroidManifest.xml:13:13-19:29
19                <action android:name="android.intent.action.MAIN" />
19-->src\main\AndroidManifest.xml:14:17-69
19-->src\main\AndroidManifest.xml:14:25-66
20
21                <category android:name="android.intent.category.LAUNCHER" />
21-->src\main\AndroidManifest.xml:15:17-77
21-->src\main\AndroidManifest.xml:15:27-74
22                <category android:name="com.asus.intent.category.ZENBO" />
22-->src\main\AndroidManifest.xml:17:17-75
22-->src\main\AndroidManifest.xml:17:27-72
23                <category android:name="com.asus.intent.category.ZENBO_LAUNCHER" />
23-->src\main\AndroidManifest.xml:18:17-84
23-->src\main\AndroidManifest.xml:18:27-81
24            </intent-filter>
25        </activity>
26
27        <!-- vision activities -->
28        <activity android:name="com.asus.robotdevsample.VisionActivity" />
28-->src\main\AndroidManifest.xml:23:9-51
28-->src\main\AndroidManifest.xml:23:19-49
29        <activity android:name="com.asus.robotdevsample.VisionRequestDetectPerson" />
29-->src\main\AndroidManifest.xml:24:13-89
29-->src\main\AndroidManifest.xml:24:23-87
30        <activity android:name="com.asus.robotdevsample.VisionRequestDetectFace" />
30-->src\main\AndroidManifest.xml:25:13-88
30-->src\main\AndroidManifest.xml:25:23-85
31
32        <!-- motion activities -->
33        <activity android:name="com.asus.robotdevsample.MotionActivity" />
33-->src\main\AndroidManifest.xml:28:9-51
33-->src\main\AndroidManifest.xml:28:19-49
34        <activity android:name="com.asus.robotdevsample.MotionMoveBodyHead" />
34-->src\main\AndroidManifest.xml:29:13-82
34-->src\main\AndroidManifest.xml:29:23-80
35        <activity android:name="com.asus.robotdevsample.MotionRemoteControlBodyHead" />
35-->src\main\AndroidManifest.xml:30:13-91
35-->src\main\AndroidManifest.xml:30:23-89
36
37        <!-- robot activities -->
38        <activity android:name="com.asus.robotdevsample.RobotActivity" />
38-->src\main\AndroidManifest.xml:33:9-50
38-->src\main\AndroidManifest.xml:33:19-48
39        <activity android:name="com.asus.robotdevsample.RobotSpeak" />
39-->src\main\AndroidManifest.xml:34:13-74
39-->src\main\AndroidManifest.xml:34:23-72
40        <activity android:name="com.asus.robotdevsample.RobotSetExpression" />
40-->src\main\AndroidManifest.xml:35:13-82
40-->src\main\AndroidManifest.xml:35:23-80
41
42        <!-- utility activities -->
43        <activity android:name="com.asus.robotdevsample.UtilityActivity" />
43-->src\main\AndroidManifest.xml:38:9-52
43-->src\main\AndroidManifest.xml:38:19-50
44        <activity android:name="com.asus.robotdevsample.UtilityPlayAction" />
44-->src\main\AndroidManifest.xml:39:13-81
44-->src\main\AndroidManifest.xml:39:23-79
45        <activity android:name="com.asus.robotdevsample.UtilityPlayEmotionalAction" />
45-->src\main\AndroidManifest.xml:40:13-90
45-->src\main\AndroidManifest.xml:40:23-88
46
47        <!-- wheelLithts activities -->
48        <activity android:name="com.asus.robotdevsample.WheelLightsActivity" />
48-->src\main\AndroidManifest.xml:43:9-56
48-->src\main\AndroidManifest.xml:43:19-54
49        <activity android:name="com.asus.robotdevsample.WheelLightsTurnOff" />
49-->src\main\AndroidManifest.xml:44:9-78
49-->src\main\AndroidManifest.xml:44:19-76
50        <activity android:name="com.asus.robotdevsample.WheelLightsSetColor" />
50-->src\main\AndroidManifest.xml:45:13-83
50-->src\main\AndroidManifest.xml:45:23-81
51
52        <meta-data
52-->[com.android.support:appcompat-v7:26.1.0] AndroidManifest.xml:26:9-28:38
53            android:name="android.support.VERSION"
53-->[com.android.support:appcompat-v7:26.1.0] AndroidManifest.xml:27:13-51
54            android:value="26.1.0" />
54-->[com.android.support:appcompat-v7:26.1.0] AndroidManifest.xml:28:13-35
55        <meta-data
55-->[android.arch.lifecycle:runtime:1.0.0] AndroidManifest.xml:25:9-27:47
56            android:name="android.arch.lifecycle.VERSION"
56-->[android.arch.lifecycle:runtime:1.0.0] AndroidManifest.xml:26:13-58
57            android:value="27.0.0-SNAPSHOT" />
57-->[android.arch.lifecycle:runtime:1.0.0] AndroidManifest.xml:27:13-44
58    </application>
59
60</manifest>